#-----------------------------------------------------------
# Vivado v2020.2 (64-bit)
# SW Build 3064766 on Wed Nov 18 09:12:45 MST 2020
# IP Build 3064653 on Wed Nov 18 14:17:31 MST 2020
# Start of session at: Tue Mar 30 22:46:32 2021
# Process ID: 10676
# Current directory: C:/Users/eziok/Desktop/Everything/distancni vyuka 2021/Digital-electronics-1/Labs/07_ffs/flip_flops
# Command line: vivado.exe -gui_launcher_event rodinguilauncherevent6436 C:\Users\eziok\Desktop\Everything\distancni vyuka 2021\Digital-electronics-1\Labs\07_ffs\flip_flops\flip_flops.xpr
# Log file: C:/Users/eziok/Desktop/Everything/distancni vyuka 2021/Digital-electronics-1/Labs/07_ffs/flip_flops/vivado.log
# Journal file: C:/Users/eziok/Desktop/Everything/distancni vyuka 2021/Digital-electronics-1/Labs/07_ffs/flip_flops\vivado.jou
#-----------------------------------------------------------
start_gui
open_project {C:/Users/eziok/Desktop/Everything/distancni vyuka 2021/Digital-electronics-1/Labs/07_ffs/flip_flops/flip_flops.xpr}
INFO: [ProjectBase 1-489] The host OS only allows 260 characters in a normal path. The project is stored in a path with more than 80 characters. If you experience issues with IP, Block Designs, or files not being found, please consider moving the project to a location with a shorter path. Alternately consider using the OS subst command to map part of the path to a drive letter.
Current project path is 'C:/Users/eziok/Desktop/Everything/distancni vyuka 2021/Digital-electronics-1/Labs/07_ffs/flip_flops'
WARNING: [filemgmt 56-3] Default IP Output Path : Could not find the directory 'C:/Users/eziok/Desktop/Everything/distancni vyuka 2021/Digital-electronics-1/Labs/07_ffs/flip_flops/flip_flops.gen/sources_1'.
Scanning sources...
Finished scanning sources
INFO: [IP_Flow 19-234] Refreshing IP repositories
INFO: [IP_Flow 19-1704] No user IP repositories specified
INFO: [IP_Flow 19-2313] Loaded Vivado IP repository 'C:/Xilinx/Vivado/2020.2/data/ip'.
open_project: Time (s): cpu = 00:00:19 ; elapsed = 00:00:09 . Memory (MB): peak = 1002.496 ; gain = 0.000
update_compile_order -fileset sources_1
update_compile_order -fileset sim_1
launch_simulation
Command: launch_simulation 
INFO: [Vivado 12-5682] Launching behavioral simulation in 'C:/Users/eziok/Desktop/Everything/distancni vyuka 2021/Digital-electronics-1/Labs/07_ffs/flip_flops/flip_flops.sim/sim_1/behav/xsim'
INFO: [SIM-utils-51] Simulation object is 'sim_1'
INFO: [SIM-utils-54] Inspecting design source files for 'tb_d_ff_arst' in fileset 'sim_1'...
INFO: [USF-XSim-97] Finding global include files...
INFO: [USF-XSim-98] Fetching design files from 'sim_1'...
INFO: [USF-XSim-2] XSim::Compile design
INFO: [USF-XSim-61] Executing 'COMPILE and ANALYZE' step in 'C:/Users/eziok/Desktop/Everything/distancni vyuka 2021/Digital-electronics-1/Labs/07_ffs/flip_flops/flip_flops.sim/sim_1/behav/xsim'
INFO: [USF-XSim-69] 'compile' step finished in '1' seconds
INFO: [USF-XSim-3] XSim::Elaborate design
INFO: [USF-XSim-61] Executing 'ELABORATE' step in 'C:/Users/eziok/Desktop/Everything/distancni vyuka 2021/Digital-electronics-1/Labs/07_ffs/flip_flops/flip_flops.sim/sim_1/behav/xsim'
"xelab -wto 5464c2bc265f4986a7000a314f012976 --incr --debug typical --relax --mt 2 -L secureip --snapshot tb_d_ff_arst_behav xil_defaultlib.tb_d_ff_arst -log elaborate.log"
Vivado Simulator 2020.2
Copyright 1986-1999, 2001-2020 Xilinx, Inc. All Rights Reserved.
Running: C:/Xilinx/Vivado/2020.2/bin/unwrapped/win64.o/xelab.exe -wto 5464c2bc265f4986a7000a314f012976 --incr --debug typical --relax --mt 2 -L secureip --snapshot tb_d_ff_arst_behav xil_defaultlib.tb_d_ff_arst -log elaborate.log 
Using 2 slave threads.
ERROR: [XSIM 43-3225] Cannot find design unit xil_defaultlib.tb_d_ff_arst in library work located at xsim.dir/work.
INFO: [USF-XSim-69] 'elaborate' step finished in '3' seconds
INFO: [USF-XSim-99] Step results log file:'C:/Users/eziok/Desktop/Everything/distancni vyuka 2021/Digital-electronics-1/Labs/07_ffs/flip_flops/flip_flops.sim/sim_1/behav/xsim/elaborate.log'
ERROR: [USF-XSim-62] 'elaborate' step failed with error(s). Please check the Tcl console output or 'C:/Users/eziok/Desktop/Everything/distancni vyuka 2021/Digital-electronics-1/Labs/07_ffs/flip_flops/flip_flops.sim/sim_1/behav/xsim/elaborate.log' file for more information.
ERROR: [Vivado 12-4473] Detected error while running simulation. Please correct the issue and retry this operation.
launch_simulation: Time (s): cpu = 00:00:03 ; elapsed = 00:00:09 . Memory (MB): peak = 1002.496 ; gain = 0.000
ERROR: [Common 17-39] 'launch_simulation' failed due to earlier errors.
export_ip_user_files -of_objects  [get_files {{C:/Users/eziok/Desktop/Everything/distancni vyuka 2021/Digital-electronics-1/Labs/07_ffs/flip_flops/flip_flops.srcs/sources_1/new/d_ff_arst.vhd}}] -no_script -reset -force -quiet
remove_files  {{C:/Users/eziok/Desktop/Everything/distancni vyuka 2021/Digital-electronics-1/Labs/07_ffs/flip_flops/flip_flops.srcs/sources_1/new/d_ff_arst.vhd}}
export_ip_user_files -of_objects  [get_files {{C:/Users/eziok/Desktop/Everything/distancni vyuka 2021/Digital-electronics-1/Labs/07_ffs/flip_flops/flip_flops.srcs/sources_1/new/d_latch.vhd}}] -no_script -reset -force -quiet
remove_files  {{C:/Users/eziok/Desktop/Everything/distancni vyuka 2021/Digital-electronics-1/Labs/07_ffs/flip_flops/flip_flops.srcs/sources_1/new/d_latch.vhd}}
exit
INFO: [Common 17-206] Exiting Vivado at Tue Mar 30 22:54:14 2021...
